{"numFailedTestSuites":0,"numFailedTests":0,"numPassedTestSuites":1,"numPassedTests":1,"numPendingTestSuites":0,"numPendingTests":0,"numRuntimeErrorTestSuites":0,"numTodoTests":0,"numTotalTestSuites":1,"numTotalTests":1,"openHandles":[],"snapshot":{"added":0,"didUpdate":false,"failure":false,"filesAdded":0,"filesRemoved":0,"filesRemovedList":[],"filesUnmatched":0,"filesUpdated":0,"matched":0,"total":0,"unchecked":0,"uncheckedKeysByFile":[],"unmatched":0,"updated":0},"startTime":1633545497977,"success":true,"testResults":[{"assertionResults":[{"ancestorTitles":["<Button />"],"failureMessages":[],"fullName":"<Button /> should render the button","location":null,"status":"passed","title":"should render the button"}],"endTime":1633545499197,"message":"","name":"/home/coderamos/CODERAMOS/BOILERPLATES/boilerplate-cra-typescript/src/components/Button/test.tsx","startTime":1633545498328,"status":"passed","summary":""}],"wasInterrupted":false,"coverageMap":{"/home/coderamos/CODERAMOS/BOILERPLATES/boilerplate-cra-typescript/src/components/Button/styles.ts":{"path":"/home/coderamos/CODERAMOS/BOILERPLATES/boilerplate-cra-typescript/src/components/Button/styles.ts","statementMap":{"0":{"start":{"line":3,"column":29},"end":{"line":13,"column":1}},"1":{"start":{"line":4,"column":19},"end":{"line":12,"column":3}}},"fnMap":{"0":{"name":"(anonymous_0)","decl":{"start":{"line":4,"column":4},"end":{"line":4,"column":5}},"loc":{"start":{"line":4,"column":19},"end":{"line":12,"column":3}},"line":4}},"branchMap":{},"s":{"0":1,"1":1},"f":{"0":1},"b":{},"_coverageSchema":"1a1c01bbd47fc00a2c39e90264f33305004495a9","hash":"27d83d54a7342ac0140f5b3da4ed1496d8f47656"},"/home/coderamos/CODERAMOS/BOILERPLATES/boilerplate-cra-typescript/src/components/Button/index.tsx":{"path":"/home/coderamos/CODERAMOS/BOILERPLATES/boilerplate-cra-typescript/src/components/Button/index.tsx","statementMap":{"0":{"start":{"line":3,"column":15},"end":{"line":3,"column":68}},"1":{"start":{"line":3,"column":21},"end":{"line":3,"column":68}}},"fnMap":{"0":{"name":"(anonymous_0)","decl":{"start":{"line":3,"column":15},"end":{"line":3,"column":16}},"loc":{"start":{"line":3,"column":21},"end":{"line":3,"column":68}},"line":3}},"branchMap":{},"s":{"0":1,"1":1},"f":{"0":1},"b":{},"_coverageSchema":"1a1c01bbd47fc00a2c39e90264f33305004495a9","hash":"8bdfe2c24ef93194e73775dc8018e79f9090f998"},"/home/coderamos/CODERAMOS/BOILERPLATES/boilerplate-cra-typescript/src/components/index.ts":{"path":"/home/coderamos/CODERAMOS/BOILERPLATES/boilerplate-cra-typescript/src/components/index.ts","statementMap":{},"fnMap":{},"branchMap":{},"s":{},"f":{},"b":{}}}}