{"numFailedTestSuites":0,"numFailedTests":0,"numPassedTestSuites":4,"numPassedTests":5,"numPendingTestSuites":0,"numPendingTests":0,"numRuntimeErrorTestSuites":0,"numTodoTests":0,"numTotalTestSuites":4,"numTotalTests":5,"openHandles":[],"snapshot":{"added":0,"didUpdate":false,"failure":false,"filesAdded":0,"filesRemoved":0,"filesRemovedList":[],"filesUnmatched":0,"filesUpdated":0,"matched":1,"total":1,"unchecked":0,"uncheckedKeysByFile":[],"unmatched":0,"updated":0},"startTime":1638662624506,"success":true,"testResults":[{"assertionResults":[{"ancestorTitles":["<MediaMatch />"],"failureMessages":[],"fullName":"<MediaMatch /> should be hidden of no media query is passed","location":null,"status":"passed","title":"should be hidden of no media query is passed"},{"ancestorTitles":["<MediaMatch />"],"failureMessages":[],"fullName":"<MediaMatch /> should show or hide based on media props","location":null,"status":"passed","title":"should show or hide based on media props"}],"endTime":1638662626832,"message":"","name":"/home/coderamos/CODERAMOS/BOILERPLATES/boilerplate-cra-typescript/src/components/MediaMatch/test.tsx","startTime":1638662625290,"status":"passed","summary":""},{"assertionResults":[{"ancestorTitles":["<Container />"],"failureMessages":[],"fullName":"<Container /> should render the heading","location":null,"status":"passed","title":"should render the heading"}],"endTime":1638662626988,"message":"","name":"/home/coderamos/CODERAMOS/BOILERPLATES/boilerplate-cra-typescript/src/components/Container/test.tsx","startTime":1638662625404,"status":"passed","summary":""},{"assertionResults":[{"ancestorTitles":["<Button />"],"failureMessages":[],"fullName":"<Button /> should render the button","location":null,"status":"passed","title":"should render the button"}],"endTime":1638662627026,"message":"","name":"/home/coderamos/CODERAMOS/BOILERPLATES/boilerplate-cra-typescript/src/components/Button/test.tsx","startTime":1638662625363,"status":"passed","summary":""},{"assertionResults":[{"ancestorTitles":["<Text />"],"failureMessages":[],"fullName":"<Text /> should render the Text component","location":null,"status":"passed","title":"should render the Text component"}],"endTime":1638662627078,"message":"","name":"/home/coderamos/CODERAMOS/BOILERPLATES/boilerplate-cra-typescript/src/components/Text/test.tsx","startTime":1638662625290,"status":"passed","summary":""}],"wasInterrupted":false,"coverageMap":{"/home/coderamos/CODERAMOS/BOILERPLATES/boilerplate-cra-typescript/src/components/MediaMatch/index.tsx":{"path":"/home/coderamos/CODERAMOS/BOILERPLATES/boilerplate-cra-typescript/src/components/MediaMatch/index.tsx","statementMap":{"0":{"start":{"line":11,"column":28},"end":{"line":18,"column":1}},"1":{"start":{"line":12,"column":34},"end":{"line":14,"column":3}},"2":{"start":{"line":15,"column":37},"end":{"line":17,"column":3}},"3":{"start":{"line":21,"column":35},"end":{"line":25,"column":3}}},"fnMap":{"0":{"name":"(anonymous_0)","decl":{"start":{"line":12,"column":12},"end":{"line":12,"column":13}},"loc":{"start":{"line":12,"column":34},"end":{"line":14,"column":3}},"line":12},"1":{"name":"(anonymous_1)","decl":{"start":{"line":15,"column":15},"end":{"line":15,"column":16}},"loc":{"start":{"line":15,"column":37},"end":{"line":17,"column":3}},"line":15},"2":{"name":"(anonymous_2)","decl":{"start":{"line":21,"column":4},"end":{"line":21,"column":5}},"loc":{"start":{"line":21,"column":35},"end":{"line":25,"column":3}},"line":21}},"branchMap":{"0":{"loc":{"start":{"line":23,"column":6},"end":{"line":23,"column":58}},"type":"binary-expr","locations":[{"start":{"line":23,"column":6},"end":{"line":23,"column":16}},{"start":{"line":23,"column":20},"end":{"line":23,"column":58}}],"line":23},"1":{"loc":{"start":{"line":24,"column":6},"end":{"line":24,"column":67}},"type":"binary-expr","locations":[{"start":{"line":24,"column":6},"end":{"line":24,"column":19}},{"start":{"line":24,"column":23},"end":{"line":24,"column":67}}],"line":24}},"s":{"0":1,"1":2,"2":2,"3":4},"f":{"0":2,"1":2,"2":4},"b":{"0":[4,2],"1":[4,2]},"_coverageSchema":"1a1c01bbd47fc00a2c39e90264f33305004495a9","hash":"bd32f7626ed7bc52bb5270eb5bf2b7cbce73234e"},"/home/coderamos/CODERAMOS/BOILERPLATES/boilerplate-cra-typescript/src/components/Container/index.tsx":{"path":"/home/coderamos/CODERAMOS/BOILERPLATES/boilerplate-cra-typescript/src/components/Container/index.tsx","statementMap":{"0":{"start":{"line":4,"column":18},"end":{"line":25,"column":1}},"1":{"start":{"line":5,"column":19},"end":{"line":24,"column":3}}},"fnMap":{"0":{"name":"(anonymous_0)","decl":{"start":{"line":5,"column":4},"end":{"line":5,"column":5}},"loc":{"start":{"line":5,"column":19},"end":{"line":24,"column":3}},"line":5}},"branchMap":{},"s":{"0":1,"1":1},"f":{"0":1},"b":{},"_coverageSchema":"1a1c01bbd47fc00a2c39e90264f33305004495a9","hash":"ad69e57ceffbe635b68ffee6a6232bbaac977935"},"/home/coderamos/CODERAMOS/BOILERPLATES/boilerplate-cra-typescript/src/components/Button/styles.ts":{"path":"/home/coderamos/CODERAMOS/BOILERPLATES/boilerplate-cra-typescript/src/components/Button/styles.ts","statementMap":{"0":{"start":{"line":6,"column":24},"end":{"line":23,"column":1}},"1":{"start":{"line":7,"column":36},"end":{"line":14,"column":3}},"2":{"start":{"line":15,"column":38},"end":{"line":22,"column":3}},"3":{"start":{"line":25,"column":29},"end":{"line":39,"column":1}},"4":{"start":{"line":26,"column":28},"end":{"line":38,"column":3}}},"fnMap":{"0":{"name":"(anonymous_0)","decl":{"start":{"line":7,"column":11},"end":{"line":7,"column":12}},"loc":{"start":{"line":7,"column":36},"end":{"line":14,"column":3}},"line":7},"1":{"name":"(anonymous_1)","decl":{"start":{"line":15,"column":13},"end":{"line":15,"column":14}},"loc":{"start":{"line":15,"column":38},"end":{"line":22,"column":3}},"line":15},"2":{"name":"(anonymous_2)","decl":{"start":{"line":26,"column":4},"end":{"line":26,"column":5}},"loc":{"start":{"line":26,"column":28},"end":{"line":38,"column":3}},"line":26}},"branchMap":{"0":{"loc":{"start":{"line":37,"column":6},"end":{"line":37,"column":50}},"type":"binary-expr","locations":[{"start":{"line":37,"column":6},"end":{"line":37,"column":15}},{"start":{"line":37,"column":19},"end":{"line":37,"column":50}}],"line":37}},"s":{"0":1,"1":1,"2":0,"3":1,"4":1},"f":{"0":1,"1":0,"2":1},"b":{"0":[1,1]},"_coverageSchema":"1a1c01bbd47fc00a2c39e90264f33305004495a9","hash":"dfcf613aafa8f5ccb1ea2402d48d4a5f83709106"},"/home/coderamos/CODERAMOS/BOILERPLATES/boilerplate-cra-typescript/src/components/Button/index.tsx":{"path":"/home/coderamos/CODERAMOS/BOILERPLATES/boilerplate-cra-typescript/src/components/Button/index.tsx","statementMap":{"0":{"start":{"line":9,"column":15},"end":{"line":13,"column":1}},"1":{"start":{"line":10,"column":2},"end":{"line":12,"column":20}}},"fnMap":{"0":{"name":"(anonymous_0)","decl":{"start":{"line":9,"column":15},"end":{"line":9,"column":16}},"loc":{"start":{"line":10,"column":2},"end":{"line":12,"column":20}},"line":10}},"branchMap":{"0":{"loc":{"start":{"line":9,"column":18},"end":{"line":9,"column":37}},"type":"default-arg","locations":[{"start":{"line":9,"column":28},"end":{"line":9,"column":37}}],"line":9}},"s":{"0":1,"1":1},"f":{"0":1},"b":{"0":[1]},"_coverageSchema":"1a1c01bbd47fc00a2c39e90264f33305004495a9","hash":"b8c8f29285090be993a9da302f9d8b71ac22be42"},"/home/coderamos/CODERAMOS/BOILERPLATES/boilerplate-cra-typescript/src/components/Text/index.tsx":{"path":"/home/coderamos/CODERAMOS/BOILERPLATES/boilerplate-cra-typescript/src/components/Text/index.tsx","statementMap":{"0":{"start":{"line":21,"column":13},"end":{"line":44,"column":1}},"1":{"start":{"line":30,"column":18},"end":{"line":30,"column":22}},"2":{"start":{"line":32,"column":2},"end":{"line":43,"column":4}}},"fnMap":{"0":{"name":"(anonymous_0)","decl":{"start":{"line":21,"column":13},"end":{"line":21,"column":14}},"loc":{"start":{"line":29,"column":17},"end":{"line":44,"column":1}},"line":29}},"branchMap":{"0":{"loc":{"start":{"line":23,"column":2},"end":{"line":23,"column":17}},"type":"default-arg","locations":[{"start":{"line":23,"column":10},"end":{"line":23,"column":17}}],"line":23},"1":{"loc":{"start":{"line":24,"column":2},"end":{"line":24,"column":21}},"type":"default-arg","locations":[{"start":{"line":24,"column":16},"end":{"line":24,"column":21}}],"line":24},"2":{"loc":{"start":{"line":25,"column":2},"end":{"line":25,"column":18}},"type":"default-arg","locations":[{"start":{"line":25,"column":12},"end":{"line":25,"column":18}}],"line":25},"3":{"loc":{"start":{"line":26,"column":2},"end":{"line":26,"column":18}},"type":"default-arg","locations":[{"start":{"line":26,"column":9},"end":{"line":26,"column":18}}],"line":26},"4":{"loc":{"start":{"line":27,"column":2},"end":{"line":27,"column":12}},"type":"default-arg","locations":[{"start":{"line":27,"column":9},"end":{"line":27,"column":12}}],"line":27},"5":{"loc":{"start":{"line":28,"column":2},"end":{"line":28,"column":19}},"type":"default-arg","locations":[{"start":{"line":28,"column":11},"end":{"line":28,"column":19}}],"line":28},"6":{"loc":{"start":{"line":41,"column":7},"end":{"line":41,"column":54}},"type":"cond-expr","locations":[{"start":{"line":41,"column":21},"end":{"line":41,"column":43}},{"start":{"line":41,"column":46},"end":{"line":41,"column":54}}],"line":41}},"s":{"0":1,"1":1,"2":1},"f":{"0":1},"b":{"0":[1],"1":[1],"2":[1],"3":[1],"4":[1],"5":[1],"6":[0,1]},"_coverageSchema":"1a1c01bbd47fc00a2c39e90264f33305004495a9","hash":"78e00092821e3412334521c5518d99a16b37f893"},"/home/coderamos/CODERAMOS/BOILERPLATES/boilerplate-cra-typescript/src/components/IconBase/styles.ts":{"path":"/home/coderamos/CODERAMOS/BOILERPLATES/boilerplate-cra-typescript/src/components/IconBase/styles.ts","statementMap":{"0":{"start":{"line":5,"column":23},"end":{"line":10,"column":1}},"1":{"start":{"line":6,"column":38},"end":{"line":9,"column":3}}},"fnMap":{"0":{"name":"(anonymous_0)","decl":{"start":{"line":6,"column":4},"end":{"line":6,"column":5}},"loc":{"start":{"line":6,"column":38},"end":{"line":9,"column":3}},"line":6}},"branchMap":{"0":{"loc":{"start":{"line":6,"column":14},"end":{"line":6,"column":31}},"type":"default-arg","locations":[{"start":{"line":6,"column":22},"end":{"line":6,"column":31}}],"line":6}},"s":{"0":0,"1":0},"f":{"0":0},"b":{"0":[0]}},"/home/coderamos/CODERAMOS/BOILERPLATES/boilerplate-cra-typescript/src/components/index.ts":{"path":"/home/coderamos/CODERAMOS/BOILERPLATES/boilerplate-cra-typescript/src/components/index.ts","statementMap":{},"fnMap":{},"branchMap":{},"s":{},"f":{},"b":{}},"/home/coderamos/CODERAMOS/BOILERPLATES/boilerplate-cra-typescript/src/components/Text/styles.ts":{"path":"/home/coderamos/CODERAMOS/BOILERPLATES/boilerplate-cra-typescript/src/components/Text/styles.ts","statementMap":{"0":{"start":{"line":3,"column":23},"end":{"line":5,"column":1}},"1":{"start":{"line":4,"column":10},"end":{"line":4,"column":15}}},"fnMap":{"0":{"name":"(anonymous_0)","decl":{"start":{"line":4,"column":4},"end":{"line":4,"column":5}},"loc":{"start":{"line":4,"column":10},"end":{"line":4,"column":15}},"line":4}},"branchMap":{},"s":{"0":0,"1":0},"f":{"0":0},"b":{}},"/home/coderamos/CODERAMOS/BOILERPLATES/boilerplate-cra-typescript/src/components/IconBase/index.tsx":{"path":"/home/coderamos/CODERAMOS/BOILERPLATES/boilerplate-cra-typescript/src/components/IconBase/index.tsx","statementMap":{"0":{"start":{"line":12,"column":17},"end":{"line":16,"column":1}},"1":{"start":{"line":13,"column":2},"end":{"line":15,"column":14}}},"fnMap":{"0":{"name":"(anonymous_0)","decl":{"start":{"line":12,"column":17},"end":{"line":12,"column":18}},"loc":{"start":{"line":13,"column":2},"end":{"line":15,"column":14}},"line":13}},"branchMap":{},"s":{"0":0,"1":0},"f":{"0":0},"b":{}},"/home/coderamos/CODERAMOS/BOILERPLATES/boilerplate-cra-typescript/src/components/MediaMatch/styles.ts":{"path":"/home/coderamos/CODERAMOS/BOILERPLATES/boilerplate-cra-typescript/src/components/MediaMatch/styles.ts","statementMap":{"0":{"start":{"line":3,"column":23},"end":{"line":5,"column":1}},"1":{"start":{"line":4,"column":10},"end":{"line":4,"column":15}}},"fnMap":{"0":{"name":"(anonymous_0)","decl":{"start":{"line":4,"column":4},"end":{"line":4,"column":5}},"loc":{"start":{"line":4,"column":10},"end":{"line":4,"column":15}},"line":4}},"branchMap":{},"s":{"0":0,"1":0},"f":{"0":0},"b":{}},"/home/coderamos/CODERAMOS/BOILERPLATES/boilerplate-cra-typescript/src/components/Icon/index.tsx":{"path":"/home/coderamos/CODERAMOS/BOILERPLATES/boilerplate-cra-typescript/src/components/Icon/index.tsx","statementMap":{"0":{"start":{"line":9,"column":26},"end":{"line":12,"column":1}},"1":{"start":{"line":18,"column":13},"end":{"line":21,"column":1}},"2":{"start":{"line":19,"column":18},"end":{"line":19,"column":29}},"3":{"start":{"line":20,"column":2},"end":{"line":20,"column":63}}},"fnMap":{"0":{"name":"(anonymous_0)","decl":{"start":{"line":18,"column":13},"end":{"line":18,"column":14}},"loc":{"start":{"line":18,"column":45},"end":{"line":21,"column":1}},"line":18}},"branchMap":{},"s":{"0":0,"1":0,"2":0,"3":0},"f":{"0":0},"b":{}}}}